0 info it worked if it ends with ok
1 verbose cli [ 'C:\\Program Files\\nodejs\\\\node.exe',
1 verbose cli   'C:\\Program Files\\nodejs\\node_modules\\npm\\bin\\npm-cli.js',
1 verbose cli   'install',
1 verbose cli   'socket.io@9' ]
2 info using npm@2.11.2
3 info using node@v0.12.5
4 verbose install initial load of C:\GitHub\arOnline\package.json
5 verbose installManyTop reading scoped package data from C:\GitHub\arOnline\node_modules\express\package.json
6 verbose installManyTop reading scoped package data from C:\GitHub\arOnline\node_modules\ws\package.json
7 info package.json express@3.0.6 No license field.
8 verbose readDependencies loading dependencies from C:\GitHub\arOnline\package.json
9 silly cache add args [ 'socket.io@9', null ]
10 verbose cache add spec socket.io@9
11 silly cache add parsed spec { raw: 'socket.io@9',
11 silly cache add   scope: null,
11 silly cache add   name: 'socket.io',
11 silly cache add   rawSpec: '9',
11 silly cache add   spec: '>=9.0.0 <10.0.0',
11 silly cache add   type: 'range' }
12 silly addNamed socket.io@>=9.0.0 <10.0.0
13 verbose addNamed ">=9.0.0 <10.0.0" is a valid semver range for socket.io
14 silly addNameRange { name: 'socket.io', range: '>=9.0.0 <10.0.0', hasData: false }
15 silly mapToRegistry name socket.io
16 silly mapToRegistry using default registry
17 silly mapToRegistry registry https://registry.npmjs.org/
18 silly mapToRegistry uri https://registry.npmjs.org/socket.io
19 verbose addNameRange registry:https://registry.npmjs.org/socket.io not in flight; fetching
20 verbose request uri https://registry.npmjs.org/socket.io
21 verbose request no auth needed
22 info attempt registry request try #1 at 1:35:44 PM
23 verbose request id 6dd9d4248755c097
24 verbose etag "6AZ233FWP16JV2L05ZM0NSBUT"
25 http request GET https://registry.npmjs.org/socket.io
26 http 304 https://registry.npmjs.org/socket.io
27 silly get cb [ 304,
27 silly get   { date: 'Sat, 18 Jul 2015 20:35:43 GMT',
27 silly get     via: '1.1 varnish',
27 silly get     'cache-control': 'max-age=60',
27 silly get     etag: '"6AZ233FWP16JV2L05ZM0NSBUT"',
27 silly get     age: '13',
27 silly get     connection: 'keep-alive',
27 silly get     'x-served-by': 'cache-lax1423-LAX',
27 silly get     'x-cache': 'HIT',
27 silly get     'x-cache-hits': '1',
27 silly get     'x-timer': 'S1437251743.840680,VS0,VE0',
27 silly get     vary: 'Accept' } ]
28 verbose etag https://registry.npmjs.org/socket.io from cache
29 verbose get saving socket.io to C:\Users\bjm904\AppData\Roaming\npm-cache\registry.npmjs.org\socket.io\.cache.json
30 silly addNameRange number 2 { name: 'socket.io', range: '>=9.0.0 <10.0.0', hasData: true }
31 silly addNameRange versions [ 'socket.io',
31 silly addNameRange   [ '0.3.8',
31 silly addNameRange     '0.4.0',
31 silly addNameRange     '0.4.1',
31 silly addNameRange     '0.5.1',
31 silly addNameRange     '0.5.3',
31 silly addNameRange     '0.6.0',
31 silly addNameRange     '0.6.1',
31 silly addNameRange     '0.6.3',
31 silly addNameRange     '0.6.4',
31 silly addNameRange     '0.6.5',
31 silly addNameRange     '0.6.6',
31 silly addNameRange     '0.6.7',
31 silly addNameRange     '0.6.8',
31 silly addNameRange     '0.6.9',
31 silly addNameRange     '0.6.10',
31 silly addNameRange     '0.6.11',
31 silly addNameRange     '0.6.12',
31 silly addNameRange     '0.6.14',
31 silly addNameRange     '0.6.15',
31 silly addNameRange     '0.6.16',
31 silly addNameRange     '0.6.17',
31 silly addNameRange     '0.6.18',
31 silly addNameRange     '0.7.0',
31 silly addNameRange     '0.7.1',
31 silly addNameRange     '0.7.2',
31 silly addNameRange     '0.7.3',
31 silly addNameRange     '0.7.4',
31 silly addNameRange     '0.7.5',
31 silly addNameRange     '0.7.6',
31 silly addNameRange     '0.7.7',
31 silly addNameRange     '0.7.8',
31 silly addNameRange     '0.7.9',
31 silly addNameRange     '0.7.10',
31 silly addNameRange     '0.7.11',
31 silly addNameRange     '0.8.0',
31 silly addNameRange     '0.8.1',
31 silly addNameRange     '0.8.2',
31 silly addNameRange     '0.8.3',
31 silly addNameRange     '0.8.4',
31 silly addNameRange     '0.8.5',
31 silly addNameRange     '0.8.6',
31 silly addNameRange     '0.8.7',
31 silly addNameRange     '0.9.0',
31 silly addNameRange     '0.9.1',
31 silly addNameRange     '0.9.1-1',
31 silly addNameRange     '0.9.2',
31 silly addNameRange     '0.9.3',
31 silly addNameRange     '0.9.4',
31 silly addNameRange     '0.9.5',
31 silly addNameRange     '0.9.6',
31 silly addNameRange     '0.9.7',
31 silly addNameRange     '0.9.8',
31 silly addNameRange     '0.9.9',
31 silly addNameRange     '0.9.10',
31 silly addNameRange     '0.9.11',
31 silly addNameRange     '0.9.12',
31 silly addNameRange     '0.9.13',
31 silly addNameRange     '0.9.14',
31 silly addNameRange     '0.9.15',
31 silly addNameRange     '0.9.16',
31 silly addNameRange     '1.0.0-pre',
31 silly addNameRange     '1.0.0-pre2',
31 silly addNameRange     '1.0.0-pre3',
31 silly addNameRange     '1.0.0-pre4',
31 silly addNameRange     '1.0.0-pre5',
31 silly addNameRange     '0.9.17',
31 silly addNameRange     '1.0.0',
31 silly addNameRange     '1.0.1',
31 silly addNameRange     '1.0.2',
31 silly addNameRange     '1.0.3',
31 silly addNameRange     '1.0.4',
31 silly addNameRange     '1.0.5',
31 silly addNameRange     '1.0.6',
31 silly addNameRange     '1.1.0',
31 silly addNameRange     '1.2.0',
31 silly addNameRange     '1.2.1',
31 silly addNameRange     '1.3.0',
31 silly addNameRange     '1.3.1',
31 silly addNameRange     '1.3.2',
31 silly addNameRange     '1.3.3',
31 silly addNameRange     '1.3.4',
31 silly addNameRange     '1.3.5',
31 silly addNameRange     '1.3.6' ] ]
32 verbose stack Error: No compatible version found: socket.io@'>=9.0.0 <10.0.0'
32 verbose stack Valid install targets:
32 verbose stack ["0.3.8","0.4.0","0.4.1","0.5.1","0.5.3","0.6.0","0.6.1","0.6.3","0.6.4","0.6.5","0.6.6","0.6.7","0.6.8","0.6.9","0.6.10","0.6.11","0.6.12","0.6.14","0.6.15","0.6.16","0.6.17","0.6.18","0.7.0","0.7.1","0.7.2","0.7.3","0.7.4","0.7.5","0.7.6","0.7.7","0.7.8","0.7.9","0.7.10","0.7.11","0.8.0","0.8.1","0.8.2","0.8.3","0.8.4","0.8.5","0.8.6","0.8.7","0.9.0","0.9.1","0.9.1-1","0.9.2","0.9.3","0.9.4","0.9.5","0.9.6","0.9.7","0.9.8","0.9.9","0.9.10","0.9.11","0.9.12","0.9.13","0.9.14","0.9.15","0.9.16","1.0.0-pre","1.0.0-pre2","1.0.0-pre3","1.0.0-pre4","1.0.0-pre5","0.9.17","1.0.0","1.0.1","1.0.2","1.0.3","1.0.4","1.0.5","1.0.6","1.1.0","1.2.0","1.2.1","1.3.0","1.3.1","1.3.2","1.3.3","1.3.4","1.3.5","1.3.6"]
32 verbose stack
32 verbose stack     at installTargetsError (C:\Program Files\nodejs\node_modules\npm\lib\cache\add-named.js:274:12)
32 verbose stack     at next (C:\Program Files\nodejs\node_modules\npm\lib\cache\add-named.js:253:17)
32 verbose stack     at setData (C:\Program Files\nodejs\node_modules\npm\lib\cache\add-named.js:230:5)
32 verbose stack     at RES (C:\Program Files\nodejs\node_modules\npm\node_modules\inflight\inflight.js:23:14)
32 verbose stack     at f (C:\Program Files\nodejs\node_modules\npm\node_modules\once\once.js:17:25)
32 verbose stack     at fixName (C:\Program Files\nodejs\node_modules\npm\lib\cache\add-named.js:29:5)
32 verbose stack     at saved (C:\Program Files\nodejs\node_modules\npm\lib\cache\caching-client.js:173:7)
32 verbose stack     at FSReqWrap.oncomplete (fs.js:95:15)
33 verbose cwd C:\GitHub\arOnline
34 error Windows_NT 6.3.9600
35 error argv "C:\\Program Files\\nodejs\\\\node.exe" "C:\\Program Files\\nodejs\\node_modules\\npm\\bin\\npm-cli.js" "install" "socket.io@9"
36 error node v0.12.5
37 error npm  v2.11.2
38 error code ETARGET
39 error notarget No compatible version found: socket.io@'>=9.0.0 <10.0.0'
39 error notarget Valid install targets:
39 error notarget ["0.3.8","0.4.0","0.4.1","0.5.1","0.5.3","0.6.0","0.6.1","0.6.3","0.6.4","0.6.5","0.6.6","0.6.7","0.6.8","0.6.9","0.6.10","0.6.11","0.6.12","0.6.14","0.6.15","0.6.16","0.6.17","0.6.18","0.7.0","0.7.1","0.7.2","0.7.3","0.7.4","0.7.5","0.7.6","0.7.7","0.7.8","0.7.9","0.7.10","0.7.11","0.8.0","0.8.1","0.8.2","0.8.3","0.8.4","0.8.5","0.8.6","0.8.7","0.9.0","0.9.1","0.9.1-1","0.9.2","0.9.3","0.9.4","0.9.5","0.9.6","0.9.7","0.9.8","0.9.9","0.9.10","0.9.11","0.9.12","0.9.13","0.9.14","0.9.15","0.9.16","1.0.0-pre","1.0.0-pre2","1.0.0-pre3","1.0.0-pre4","1.0.0-pre5","0.9.17","1.0.0","1.0.1","1.0.2","1.0.3","1.0.4","1.0.5","1.0.6","1.1.0","1.2.0","1.2.1","1.3.0","1.3.1","1.3.2","1.3.3","1.3.4","1.3.5","1.3.6"]
39 error notarget
39 error notarget This is most likely not a problem with npm itself.
39 error notarget In most cases you or one of your dependencies are requesting
39 error notarget a package version that doesn't exist.
40 verbose exit [ 1, true ]
